<?xml version="1.0" encoding="UTF-8"?>
<!-- Generated by org.testng.reporters.JUnitReportReporter -->
<testsuite hostname="Pugazh" failures="0" tests="1" name="marathon.EditIndividuals" time="36.814" errors="0" timestamp="2023-06-21T06:50:51 BST" skipped="0">
  <testcase classname="marathon.EditIndividuals" name="EditIndividuals" time="36.814"/>
  <system-out/>
</testsuite> <!-- marathon.EditIndividuals -->
