<?xml version="1.0" encoding="UTF-8"?>
<!-- Generated by org.testng.reporters.JUnitReportReporter -->
<testsuite hostname="Pugazh" failures="0" tests="1" name="testcases.CreateIndividuals" time="53.170" errors="0" timestamp="2023-06-21T10:19:18 BST" skipped="0">
  <testcase classname="testcases.CreateIndividuals" name="runCreateIndividuals" time="53.170"/>
  <system-out/>
</testsuite> <!-- testcases.CreateIndividuals -->
