<?xml version="1.0" encoding="UTF-8"?>
<!-- Generated by org.testng.reporters.JUnitReportReporter -->
<testsuite hostname="Pugazh" failures="0" tests="1" name="marathon.DeleteIndividuals" time="35.029" errors="0" timestamp="2023-06-21T06:50:51 BST" skipped="0">
  <testcase classname="marathon.DeleteIndividuals" name="deleteIndividuals" time="35.029"/>
  <system-out/>
</testsuite> <!-- marathon.DeleteIndividuals -->
