<?xml version="1.0" encoding="UTF-8"?>
<!-- Generated by org.testng.reporters.JUnitReportReporter -->
<testsuite hostname="Pugazh" failures="0" tests="1" name="runner.RunIndividuals" time="32.787" errors="0" timestamp="2023-07-18T11:48:23 BST" skipped="0">
  <testcase classname="runner.RunIndividuals" name="runIndividuals" time="32.787"/>
  <system-out/>
</testsuite> <!-- runner.RunIndividuals -->
